Copyright 1986-2019 Xilinx, Inc. All Rights Reserved.
----------------------------------------------------------------------------------------------------------------------------------------------------------------------
| Tool Version     : Vivado v.2018.3.1 (lin64) Build 2489853 Tue Mar 26 04:18:30 MDT 2019
| Date             : Sat Aug 31 17:17:57 2019
| Host             : ubuntu running 64-bit Ubuntu 18.04.2 LTS
| Command          : report_power -file design_1_wrapper_power_routed.rpt -pb design_1_wrapper_power_summary_routed.pb -rpx design_1_wrapper_power_routed.rpx
| Design           : design_1_wrapper
| Device           : xc7z020clg400-1
| Design State     : routed
| Grade            : commercial
| Process          : typical
| Characterization : Production
----------------------------------------------------------------------------------------------------------------------------------------------------------------------

Power Report

Table of Contents
-----------------
1. Summary
1.1 On-Chip Components
1.2 Power Supply Summary
1.3 Confidence Level
2. Settings
2.1 Environment
2.2 Clock Constraints
3. Detailed Reports
3.1 By Hierarchy

1. Summary
----------

+--------------------------+--------------+
| Total On-Chip Power (W)  | 1.858        |
| Design Power Budget (W)  | Unspecified* |
| Power Budget Margin (W)  | NA           |
| Dynamic (W)              | 1.710        |
| Device Static (W)        | 0.148        |
| Effective TJA (C/W)      | 11.5         |
| Max Ambient (C)          | 63.6         |
| Junction Temperature (C) | 46.4         |
| Confidence Level         | Low          |
| Setting File             | ---          |
| Simulation Activity File | ---          |
| Design Nets Matched      | NA           |
+--------------------------+--------------+
* Specify Design Power Budget using, set_operating_conditions -design_power_budget <value in Watts>


1.1 On-Chip Components
----------------------

+--------------------------+-----------+----------+-----------+-----------------+
| On-Chip                  | Power (W) | Used     | Available | Utilization (%) |
+--------------------------+-----------+----------+-----------+-----------------+
| Clocks                   |     0.039 |        8 |       --- |             --- |
| Slice Logic              |     0.005 |    14096 |       --- |             --- |
|   LUT as Logic           |     0.004 |     3921 |     53200 |            7.37 |
|   Register               |    <0.001 |     8588 |    106400 |            8.07 |
|   CARRY4                 |    <0.001 |      164 |     13300 |            1.23 |
|   F7/F8 Muxes            |    <0.001 |      273 |     53200 |            0.51 |
|   LUT as Shift Register  |    <0.001 |      141 |     17400 |            0.81 |
|   Others                 |     0.000 |      479 |       --- |             --- |
|   LUT as Distributed RAM |     0.000 |        2 |     17400 |            0.01 |
| Signals                  |     0.009 |    10696 |       --- |             --- |
| Block RAM                |     0.004 |      4.5 |       140 |            3.21 |
| MMCM                     |     0.107 |        1 |         4 |           25.00 |
| I/O                      |     0.010 |       87 |       125 |           69.60 |
| PS7                      |     1.535 |        1 |       --- |             --- |
| Static Power             |     0.148 |          |           |                 |
| Total                    |     1.858 |          |           |                 |
+--------------------------+-----------+----------+-----------+-----------------+


1.2 Power Supply Summary
------------------------

+-----------+-------------+-----------+-------------+------------+
| Source    | Voltage (V) | Total (A) | Dynamic (A) | Static (A) |
+-----------+-------------+-----------+-------------+------------+
| Vccint    |       1.000 |     0.075 |       0.058 |      0.016 |
| Vccaux    |       1.800 |     0.076 |       0.060 |      0.016 |
| Vcco33    |       3.300 |     0.000 |       0.000 |      0.000 |
| Vcco25    |       2.500 |     0.000 |       0.000 |      0.000 |
| Vcco18    |       1.800 |     0.006 |       0.005 |      0.001 |
| Vcco15    |       1.500 |     0.000 |       0.000 |      0.000 |
| Vcco135   |       1.350 |     0.000 |       0.000 |      0.000 |
| Vcco12    |       1.200 |     0.000 |       0.000 |      0.000 |
| Vccaux_io |       1.800 |     0.000 |       0.000 |      0.000 |
| Vccbram   |       1.000 |     0.001 |       0.000 |      0.001 |
| MGTAVcc   |       1.000 |     0.000 |       0.000 |      0.000 |
| MGTAVtt   |       1.200 |     0.000 |       0.000 |      0.000 |
| MGTVccaux |       1.800 |     0.000 |       0.000 |      0.000 |
| Vccpint   |       1.000 |     0.755 |       0.722 |      0.032 |
| Vccpaux   |       1.800 |     0.062 |       0.051 |      0.010 |
| Vccpll    |       1.800 |     0.017 |       0.014 |      0.003 |
| Vcco_ddr  |       1.500 |     0.459 |       0.457 |      0.002 |
| Vcco_mio0 |       3.300 |     0.003 |       0.002 |      0.001 |
| Vcco_mio1 |       1.800 |     0.003 |       0.002 |      0.001 |
| Vccadc    |       1.800 |     0.020 |       0.000 |      0.020 |
+-----------+-------------+-----------+-------------+------------+


1.3 Confidence Level
--------------------

+-----------------------------+------------+--------------------------------------------------------+------------------------------------------------------------------------------------------------------------+
| User Input Data             | Confidence | Details                                                | Action                                                                                                     |
+-----------------------------+------------+--------------------------------------------------------+------------------------------------------------------------------------------------------------------------+
| Design implementation state | High       | Design is routed                                       |                                                                                                            |
| Clock nodes activity        | High       | User specified more than 95% of clocks                 |                                                                                                            |
| I/O nodes activity          | Low        | More than 75% of inputs are missing user specification | Provide missing input activity with simulation results or by editing the "By Resource Type -> I/Os" view   |
| Internal nodes activity     | Medium     | User specified less than 25% of internal nodes         | Provide missing internal nodes activity with simulation results or by editing the "By Resource Type" views |
| Device models               | High       | Device models are Production                           |                                                                                                            |
|                             |            |                                                        |                                                                                                            |
| Overall confidence level    | Low        |                                                        |                                                                                                            |
+-----------------------------+------------+--------------------------------------------------------+------------------------------------------------------------------------------------------------------------+


2. Settings
-----------

2.1 Environment
---------------

+-----------------------+------------------------+
| Ambient Temp (C)      | 25.0                   |
| ThetaJA (C/W)         | 11.5                   |
| Airflow (LFM)         | 250                    |
| Heat Sink             | none                   |
| ThetaSA (C/W)         | 0.0                    |
| Board Selection       | medium (10"x10")       |
| # of Board Layers     | 8to11 (8 to 11 Layers) |
| Board Temperature (C) | 25.0                   |
+-----------------------+------------------------+


2.2 Clock Constraints
---------------------

+----------------+-------------------------------------------------------------+-----------------+
| Clock          | Domain                                                      | Constraint (ns) |
+----------------+-------------------------------------------------------------+-----------------+
| I              | design_1_i/axi_dynclk_0/U0/Inst_mmcme2_drp/I                |             2.0 |
| PCLK_A_OBUF    | design_1_i/axi_dynclk_0/U0/PXL_CLK_O                        |            10.0 |
| clk_fpga_0     | design_1_i/processing_system7_0/inst/FCLK_CLK_unbuffered[0] |             5.0 |
| clk_fpga_1     | design_1_i/processing_system7_0/inst/FCLK_CLK_unbuffered[1] |            10.0 |
| clk_fpga_2     | design_1_i/processing_system7_0/inst/FCLK_CLK_unbuffered[2] |            20.0 |
| mmcm_fbclk_out | design_1_i/axi_dynclk_0/U0/Inst_mmcme2_drp/mmcm_fbclk_out   |            10.0 |
+----------------+-------------------------------------------------------------+-----------------+


3. Detailed Reports
-------------------

3.1 By Hierarchy
----------------

+--------------------------+-----------+
| Name                     | Power (W) |
+--------------------------+-----------+
| design_1_wrapper         |     1.709 |
|   IIC_0_scl_iobuf        |     0.001 |
|   IIC_0_sda_iobuf        |     0.001 |
|   design_1_i             |     1.699 |
|     axi_dynclk_0         |     0.109 |
|       U0                 |     0.109 |
|     axi_vdma_0           |     0.022 |
|       U0                 |     0.022 |
|     processing_system7_0 |     1.537 |
|       inst               |     1.537 |
|     ps7_0_axi_periph     |     0.003 |
|       s00_couplers       |     0.002 |
|     v_axi4s_vid_out_0    |     0.003 |
|       inst               |     0.003 |
|     v_axi4s_vid_out_1    |     0.003 |
|       inst               |     0.003 |
|     v_tc_0               |     0.010 |
|       U0                 |     0.010 |
|     v_tc_1               |     0.010 |
|       U0                 |     0.010 |
+--------------------------+-----------+


