Drill report for /home/tom/repositories/icfab/Design/Projector/DLP_Board/dlp_01/dlp_01_sch_brd/dlp_01.kicad_pcb
Created on Sun 08 Mar 2020 16:41:52 CET

Copper Layer Stackup:
    =============================================================
    L1 :  F.Cu                      front
    L2 :  In1.Cu                    in1
    L3 :  In2.Cu                    in2
    L4 :  In3.Cu                    in3
    L5 :  In4.Cu                    in4
    L6 :  B.Cu                      back


Drill file 'dlp_01-PTH.drl' contains
    plated through holes:
    =============================================================
    T1  0.20mm  0.008"  (983 holes)
    T2  0.50mm  0.020"  (48 holes)
    T3  1.00mm  0.039"  (3 holes)  (with 3 slots)
    T4  1.52mm  0.060"  (6 holes)
    T5  3.20mm  0.126"  (6 holes)

    Total plated holes count 1046


Drill file 'dlp_01-NPTH.drl' contains
    unplated through holes:
    =============================================================

    Total unplated holes count 0
