Copyright 1986-2019 Xilinx, Inc. All Rights Reserved.
----------------------------------------------------------------------------------------------------------------------------------------------------------------------
| Tool Version     : Vivado v.2019.1 (lin64) Build 2552052 Fri May 24 14:47:09 MDT 2019
| Date             : Mon Mar 23 09:24:58 2020
| Host             : debian running 64-bit Debian GNU/Linux 10 (buster)
| Command          : report_power -file design_1_wrapper_power_routed.rpt -pb design_1_wrapper_power_summary_routed.pb -rpx design_1_wrapper_power_routed.rpx
| Design           : design_1_wrapper
| Device           : xc7z020clg400-1
| Design State     : routed
| Grade            : commercial
| Process          : typical
| Characterization : Production
----------------------------------------------------------------------------------------------------------------------------------------------------------------------

Power Report

Table of Contents
-----------------
1. Summary
1.1 On-Chip Components
1.2 Power Supply Summary
1.3 Confidence Level
2. Settings
2.1 Environment
2.2 Clock Constraints
3. Detailed Reports
3.1 By Hierarchy

1. Summary
----------

+--------------------------+--------------+
| Total On-Chip Power (W)  | 1.745        |
| Design Power Budget (W)  | Unspecified* |
| Power Budget Margin (W)  | NA           |
| Dynamic (W)              | 1.602        |
| Device Static (W)        | 0.143        |
| Effective TJA (C/W)      | 11.5         |
| Max Ambient (C)          | 64.9         |
| Junction Temperature (C) | 45.1         |
| Confidence Level         | Medium       |
| Setting File             | ---          |
| Simulation Activity File | ---          |
| Design Nets Matched      | NA           |
+--------------------------+--------------+
* Specify Design Power Budget using, set_operating_conditions -design_power_budget <value in Watts>


1.1 On-Chip Components
----------------------

+--------------------------+-----------+----------+-----------+-----------------+
| On-Chip                  | Power (W) | Used     | Available | Utilization (%) |
+--------------------------+-----------+----------+-----------+-----------------+
| Clocks                   |     0.040 |        5 |       --- |             --- |
| Slice Logic              |     0.012 |    12396 |       --- |             --- |
|   LUT as Logic           |     0.010 |     3547 |     53200 |            6.67 |
|   LUT as Distributed RAM |     0.001 |      442 |     17400 |            2.54 |
|   Register               |    <0.001 |     6047 |    106400 |            5.68 |
|   CARRY4                 |    <0.001 |       89 |     13300 |            0.67 |
|   LUT as Shift Register  |    <0.001 |      181 |     17400 |            1.04 |
|   Others                 |     0.000 |      678 |       --- |             --- |
| Signals                  |     0.013 |     8294 |       --- |             --- |
| Block RAM                |     0.002 |        5 |       140 |            3.57 |
| PS7                      |     1.535 |        1 |       --- |             --- |
| Static Power             |     0.143 |          |           |                 |
| Total                    |     1.745 |          |           |                 |
+--------------------------+-----------+----------+-----------+-----------------+


1.2 Power Supply Summary
------------------------

+-----------+-------------+-----------+-------------+------------+
| Source    | Voltage (V) | Total (A) | Dynamic (A) | Static (A) |
+-----------+-------------+-----------+-------------+------------+
| Vccint    |       1.000 |     0.082 |       0.067 |      0.015 |
| Vccaux    |       1.800 |     0.015 |       0.000 |      0.015 |
| Vcco33    |       3.300 |     0.000 |       0.000 |      0.000 |
| Vcco25    |       2.500 |     0.000 |       0.000 |      0.000 |
| Vcco18    |       1.800 |     0.000 |       0.000 |      0.000 |
| Vcco15    |       1.500 |     0.000 |       0.000 |      0.000 |
| Vcco135   |       1.350 |     0.000 |       0.000 |      0.000 |
| Vcco12    |       1.200 |     0.000 |       0.000 |      0.000 |
| Vccaux_io |       1.800 |     0.000 |       0.000 |      0.000 |
| Vccbram   |       1.000 |     0.001 |       0.000 |      0.001 |
| MGTAVcc   |       1.000 |     0.000 |       0.000 |      0.000 |
| MGTAVtt   |       1.200 |     0.000 |       0.000 |      0.000 |
| MGTVccaux |       1.800 |     0.000 |       0.000 |      0.000 |
| Vccpint   |       1.000 |     0.753 |       0.722 |      0.031 |
| Vccpaux   |       1.800 |     0.062 |       0.051 |      0.010 |
| Vccpll    |       1.800 |     0.017 |       0.014 |      0.003 |
| Vcco_ddr  |       1.500 |     0.459 |       0.457 |      0.002 |
| Vcco_mio0 |       3.300 |     0.003 |       0.002 |      0.001 |
| Vcco_mio1 |       1.800 |     0.003 |       0.002 |      0.001 |
| Vccadc    |       1.800 |     0.020 |       0.000 |      0.020 |
+-----------+-------------+-----------+-------------+------------+


1.3 Confidence Level
--------------------

+-----------------------------+------------+------------------------------------------------+------------------------------------------------------------------------------------------------------------+
| User Input Data             | Confidence | Details                                        | Action                                                                                                     |
+-----------------------------+------------+------------------------------------------------+------------------------------------------------------------------------------------------------------------+
| Design implementation state | High       | Design is routed                               |                                                                                                            |
| Clock nodes activity        | High       | User specified more than 95% of clocks         |                                                                                                            |
| I/O nodes activity          | High       | User specified more than 95% of inputs         |                                                                                                            |
| Internal nodes activity     | Medium     | User specified less than 25% of internal nodes | Provide missing internal nodes activity with simulation results or by editing the "By Resource Type" views |
| Device models               | High       | Device models are Production                   |                                                                                                            |
|                             |            |                                                |                                                                                                            |
| Overall confidence level    | Medium     |                                                |                                                                                                            |
+-----------------------------+------------+------------------------------------------------+------------------------------------------------------------------------------------------------------------+


2. Settings
-----------

2.1 Environment
---------------

+-----------------------+------------------------+
| Ambient Temp (C)      | 25.0                   |
| ThetaJA (C/W)         | 11.5                   |
| Airflow (LFM)         | 250                    |
| Heat Sink             | none                   |
| ThetaSA (C/W)         | 0.0                    |
| Board Selection       | medium (10"x10")       |
| # of Board Layers     | 8to11 (8 to 11 Layers) |
| Board Temperature (C) | 25.0                   |
+-----------------------+------------------------+


2.2 Clock Constraints
---------------------

+------------+-------------------------------------------------------------+-----------------+
| Clock      | Domain                                                      | Constraint (ns) |
+------------+-------------------------------------------------------------+-----------------+
| clk_fpga_0 | design_1_i/processing_system7_0/inst/FCLK_CLK_unbuffered[0] |             5.0 |
| clk_fpga_2 | design_1_i/processing_system7_0/inst/FCLK_CLK_unbuffered[2] |            20.0 |
+------------+-------------------------------------------------------------+-----------------+


3. Detailed Reports
-------------------

3.1 By Hierarchy
----------------

+--------------------------+-----------+
| Name                     | Power (W) |
+--------------------------+-----------+
| design_1_wrapper         |     1.602 |
|   design_1_i             |     1.602 |
|     axi_dma_0            |     0.018 |
|       U0                 |     0.018 |
|     axi_smc              |     0.046 |
|       inst               |     0.046 |
|     processing_system7_0 |     1.536 |
|       inst               |     1.536 |
|     ps7_0_axi_periph     |     0.002 |
|       s00_couplers       |     0.002 |
+--------------------------+-----------+


